<?xml version="1.0" encoding="UTF-8"?>
<!-- Generated by org.testng.reporters.JUnitXMLReporter -->
<testsuite ignored="0" hostname="todd" failures="1" tests="1" name="Surefire test" time="1.261" errors="0" timestamp="2023-10-26T22:29:01 EDT">
  <testcase classname="suite1.SampleSiteTest" name="testSiteHeader2" time="0.002">
    <failure type="java.lang.NullPointerException" message="Cannot invoke &amp;quot;org.openqa.selenium.WebDriver.get(String)&amp;quot; because &amp;quot;this.driver&amp;quot; is null">
      <![CDATA[java.lang.NullPointerException: Cannot invoke "org.openqa.selenium.WebDriver.get(String)" because "this.driver" is null
at suite1.SampleSiteTest.testSiteHeader2(SampleSiteTest.java:13)
at java.base/java.util.ArrayList.forEach(ArrayList.java:1596)
... Removed 30 stack frames]]>
    </failure>
  </testcase> <!-- testSiteHeader2 -->
</testsuite> <!-- Surefire test -->
