<?xml version="1.0" encoding="UTF-8"?>
<testng-results ignored="0" total="1" passed="1" failed="0" skipped="0">
  <reporter-output>
  </reporter-output>
  <suite started-at="2023-10-23T22:39:16 EDT" name="Default suite" finished-at="2023-10-23T22:39:23 EDT" duration-ms="7129">
    <groups>
    </groups>
    <test started-at="2023-10-23T22:39:16 EDT" name="Default test" finished-at="2023-10-23T22:39:23 EDT" duration-ms="7129">
      <class name="suite1.SampleSiteTest">
        <test-method is-config="true" signature="setUp()[pri:0, instance:suite1.SampleSiteTest@1ab3a8c8]" started-at="2023-10-23T22:39:16 EDT" name="setUp" finished-at="2023-10-23T22:39:17 EDT" duration-ms="1033" status="PASS">
          <reporter-output>
          </reporter-output>
        </test-method> <!-- setUp -->
        <test-method signature="testSiteHeader2()[pri:0, instance:suite1.SampleSiteTest@1ab3a8c8]" started-at="2023-10-23T22:39:17 EDT" name="testSiteHeader2" finished-at="2023-10-23T22:39:23 EDT" duration-ms="5984" status="PASS">
          <reporter-output>
          </reporter-output>
        </test-method> <!-- testSiteHeader2 -->
        <test-method is-config="true" signature="tearDown()[pri:0, instance:suite1.SampleSiteTest@1ab3a8c8]" started-at="2023-10-23T22:39:23 EDT" name="tearDown" finished-at="2023-10-23T22:39:23 EDT" duration-ms="90" status="PASS">
          <reporter-output>
          </reporter-output>
        </test-method> <!-- tearDown -->
      </class> <!-- suite1.SampleSiteTest -->
    </test> <!-- Default test -->
  </suite> <!-- Default suite -->
</testng-results>
